<?xml version="1.0" encoding="UTF-8"?>
<testsuite xmlns:xsi="http://www.w3.org/2001/XMLSchema-instance" xsi:noNamespaceSchemaLocation="https://maven.apache.org/surefire/maven-surefire-plugin/xsd/surefire-test-report-3.0.xsd" version="3.0" name="com.example.backend.TestingApplicationTests" time="1.057" tests="1" errors="0" skipped="0" failures="0">
  <properties>
[...]
</properties>
  <testcase name="contextLoads" classname="com.example.backend.TestingApplicationTests" time="0.355">
    <system-out><![CDATA[13:37:54.305 [main] INFO org.springframework.test.context.support.AnnotationConfigContextLoaderUtils -- Could not detect default configuration classes for test class [com.example.backend.TestingApplicationTests]: TestingApplicationTests does not declare any static, non-private, non-final, nested classes annotated with @Configuration.
13:37:54.338 [main] INFO org.springframework.boot.test.context.SpringBootTestContextBootstrapper -- Found @SpringBootConfiguration com.example.backend.TestingApplication for test class com.example.backend.TestingApplicationTests
13:37:54.382 [main] INFO org.springframework.boot.devtools.restart.RestartApplicationListener -- Restart disabled due to context in which it is running

  .   ____          _            __ _ _
 /\\ / ___'_ __ _ _(_)_ __  __ _ \ \ \ \
( ( )\___ | '_ | '_| | '_ \/ _` | \ \ \ \
 \\/  ___)| |_)| | | | | || (_| |  ) ) ) )
  '  |____| .__|_| |_|_| |_\__, | / / / /
 =========|_|==============|___/=/_/_/_/

 :: Spring Boot ::                (v3.3.3)

2024-09-16T13:37:54.487+08:00  INFO 11734 --- [Testing] [           main] c.e.backend.TestingApplicationTests      : Starting TestingApplicationTests using Java 22.0.2 with PID 11734 (started by tori in /Users/tori/Documents/CS203/backend)
2024-09-16T13:37:54.488+08:00  INFO 11734 --- [Testing] [           main] c.e.backend.TestingApplicationTests      : No active profile set, falling back to 1 default profile: "default"
2024-09-16T13:37:54.778+08:00  INFO 11734 --- [Testing] [           main] r$InitializeUserDetailsManagerConfigurer : Global AuthenticationManager configured with UserDetailsService bean with name inMemoryUserDetailsManager
2024-09-16T13:37:54.939+08:00  INFO 11734 --- [Testing] [           main] c.e.backend.TestingApplicationTests      : Started TestingApplicationTests in 0.56 seconds (process running for 0.885)
]]></system-out>
    <system-err><![CDATA[WARNING: A Java agent has been loaded dynamically (/Users/tori/.m2/repository/net/bytebuddy/byte-buddy-agent/1.14.19/byte-buddy-agent-1.14.19.jar)
WARNING: If a serviceability tool is in use, please run with -XX:+EnableDynamicAgentLoading to hide this warning
WARNING: If a serviceability tool is not in use, please run with -Djdk.instrument.traceUsage for more information
WARNING: Dynamic loading of agents will be disallowed by default in a future release
]]></system-err>
  </testcase>
</testsuite>